<?xml version="1.0" encoding="UTF-8"?>
<!-- Generated by org.testng.reporters.JUnitXMLReporter -->
<testsuite ignored="0" hostname="DESKTOP-OHEA8KU" failures="0" tests="4" name="Default test" time="5.873" errors="0" timestamp="2023-05-10T16:14:37 IST">
  <testcase classname="RESTASSUREDBASICS.HttpRequests" name="getUsers" time="3.224"/>
  <testcase classname="RESTASSUREDBASICS.HttpRequests" name="createUser" time="2.342"/>
  <testcase classname="RESTASSUREDBASICS.HttpRequests" name="updateUser" time="0.093"/>
  <testcase classname="RESTASSUREDBASICS.HttpRequests" name="deleteUser" time="0.066"/>
</testsuite> <!-- Default test -->
