<?xml version="1.0" encoding="UTF-8"?>
<testng-results ignored="0" total="4" passed="4" failed="0" skipped="0">
  <reporter-output>
  </reporter-output>
  <suite started-at="2023-05-10T16:14:31 IST" name="Default suite" finished-at="2023-05-10T16:14:37 IST" duration-ms="5873">
    <groups>
    </groups>
    <test started-at="2023-05-10T16:14:31 IST" name="Default test" finished-at="2023-05-10T16:14:37 IST" duration-ms="5873">
      <class name="RESTASSUREDBASICS.HttpRequests">
        <test-method signature="getUsers()[pri:1, instance:RESTASSUREDBASICS.HttpRequests@4229bb3f]" started-at="2023-05-10T16:14:31 IST" name="getUsers" finished-at="2023-05-10T16:14:34 IST" duration-ms="3224" status="PASS">
          <reporter-output>
          </reporter-output>
        </test-method> <!-- getUsers -->
        <test-method signature="createUser()[pri:2, instance:RESTASSUREDBASICS.HttpRequests@4229bb3f]" started-at="2023-05-10T16:14:34 IST" name="createUser" finished-at="2023-05-10T16:14:37 IST" duration-ms="2342" status="PASS">
          <reporter-output>
          </reporter-output>
        </test-method> <!-- createUser -->
        <test-method signature="updateUser()[pri:3, instance:RESTASSUREDBASICS.HttpRequests@4229bb3f]" started-at="2023-05-10T16:14:37 IST" name="updateUser" finished-at="2023-05-10T16:14:37 IST" depends-on-methods="RESTASSUREDBASICS.HttpRequests.createUser" duration-ms="93" status="PASS">
          <reporter-output>
          </reporter-output>
        </test-method> <!-- updateUser -->
        <test-method signature="deleteUser()[pri:4, instance:RESTASSUREDBASICS.HttpRequests@4229bb3f]" started-at="2023-05-10T16:14:37 IST" name="deleteUser" finished-at="2023-05-10T16:14:37 IST" duration-ms="66" status="PASS">
          <reporter-output>
          </reporter-output>
        </test-method> <!-- deleteUser -->
      </class> <!-- RESTASSUREDBASICS.HttpRequests -->
    </test> <!-- Default test -->
  </suite> <!-- Default suite -->
</testng-results>
